<?xml version="1.0" encoding="UTF-8"?>
<testsuite xmlns:xsi="http://www.w3.org/2001/XMLSchema-instance" xsi:noNamespaceSchemaLocation="https://maven.apache.org/surefire/maven-surefire-plugin/xsd/surefire-test-report.xsd" name="com.jyan.JblogApplicationTests" time="9.797" tests="7" errors="2" skipped="0" failures="0">
  <properties>
    <property name="sun.desktop" value="windows"/>
    <property name="awt.toolkit" value="sun.awt.windows.WToolkit"/>
    <property name="file.encoding.pkg" value="sun.io"/>
    <property name="java.specification.version" value="1.8"/>
    <property name="sun.cpu.isalist" value="amd64"/>
    <property name="sun.jnu.encoding" value="GBK"/>
    <property name="java.class.path" value="D:\IDEAwork\Jblog\target\test-classes;D:\IDEAwork\Jblog\target\classes;D:\mavenRepository\io\springfox\springfox-swagger2\3.0.0\springfox-swagger2-3.0.0.jar;D:\mavenRepository\io\springfox\springfox-spi\3.0.0\springfox-spi-3.0.0.jar;D:\mavenRepository\io\springfox\springfox-core\3.0.0\springfox-core-3.0.0.jar;D:\mavenRepository\io\springfox\springfox-schema\3.0.0\springfox-schema-3.0.0.jar;D:\mavenRepository\io\springfox\springfox-swagger-common\3.0.0\springfox-swagger-common-3.0.0.jar;D:\mavenRepository\io\swagger\core\v3\swagger-annotations\2.1.2\swagger-annotations-2.1.2.jar;D:\mavenRepository\io\springfox\springfox-spring-web\3.0.0\springfox-spring-web-3.0.0.jar;D:\mavenRepository\io\github\classgraph\classgraph\4.8.83\classgraph-4.8.83.jar;D:\mavenRepository\io\springfox\springfox-spring-webmvc\3.0.0\springfox-spring-webmvc-3.0.0.jar;D:\mavenRepository\io\springfox\springfox-spring-webflux\3.0.0\springfox-spring-webflux-3.0.0.jar;D:\mavenRepository\com\fasterxml\classmate\1.5.1\classmate-1.5.1.jar;D:\mavenRepository\org\slf4j\slf4j-api\1.7.30\slf4j-api-1.7.30.jar;D:\mavenRepository\org\springframework\plugin\spring-plugin-core\2.0.0.RELEASE\spring-plugin-core-2.0.0.RELEASE.jar;D:\mavenRepository\org\springframework\spring-beans\5.2.10.RELEASE\spring-beans-5.2.10.RELEASE.jar;D:\mavenRepository\org\springframework\spring-context\5.2.10.RELEASE\spring-context-5.2.10.RELEASE.jar;D:\mavenRepository\org\springframework\spring-aop\5.2.10.RELEASE\spring-aop-5.2.10.RELEASE.jar;D:\mavenRepository\org\springframework\plugin\spring-plugin-metadata\2.0.0.RELEASE\spring-plugin-metadata-2.0.0.RELEASE.jar;D:\mavenRepository\io\swagger\swagger-annotations\1.5.20\swagger-annotations-1.5.20.jar;D:\mavenRepository\io\swagger\swagger-models\1.5.20\swagger-models-1.5.20.jar;D:\mavenRepository\com\fasterxml\jackson\core\jackson-annotations\2.11.3\jackson-annotations-2.11.3.jar;D:\mavenRepository\org\mapstruct\mapstruct\1.3.1.Final\mapstruct-1.3.1.Final.jar;D:\mavenRepository\io\springfox\springfox-swagger-ui\3.0.0\springfox-swagger-ui-3.0.0.jar;D:\mavenRepository\io\springfox\springfox-boot-starter\3.0.0\springfox-boot-starter-3.0.0.jar;D:\mavenRepository\io\springfox\springfox-oas\3.0.0\springfox-oas-3.0.0.jar;D:\mavenRepository\io\swagger\core\v3\swagger-models\2.1.2\swagger-models-2.1.2.jar;D:\mavenRepository\io\springfox\springfox-data-rest\3.0.0\springfox-data-rest-3.0.0.jar;D:\mavenRepository\io\springfox\springfox-bean-validators\3.0.0\springfox-bean-validators-3.0.0.jar;D:\mavenRepository\com\baomidou\mybatis-plus-boot-starter\3.4.0\mybatis-plus-boot-starter-3.4.0.jar;D:\mavenRepository\com\baomidou\mybatis-plus\3.4.0\mybatis-plus-3.4.0.jar;D:\mavenRepository\org\springframework\boot\spring-boot-autoconfigure\2.3.5.RELEASE\spring-boot-autoconfigure-2.3.5.RELEASE.jar;D:\mavenRepository\org\springframework\boot\spring-boot\2.3.5.RELEASE\spring-boot-2.3.5.RELEASE.jar;D:\mavenRepository\org\springframework\boot\spring-boot-starter-jdbc\2.3.5.RELEASE\spring-boot-starter-jdbc-2.3.5.RELEASE.jar;D:\mavenRepository\com\zaxxer\HikariCP\3.4.5\HikariCP-3.4.5.jar;D:\mavenRepository\org\springframework\spring-jdbc\5.2.10.RELEASE\spring-jdbc-5.2.10.RELEASE.jar;D:\mavenRepository\org\springframework\spring-tx\5.2.10.RELEASE\spring-tx-5.2.10.RELEASE.jar;D:\mavenRepository\org\springframework\boot\spring-boot-starter-thymeleaf\2.3.5.RELEASE\spring-boot-starter-thymeleaf-2.3.5.RELEASE.jar;D:\mavenRepository\org\springframework\boot\spring-boot-starter\2.3.5.RELEASE\spring-boot-starter-2.3.5.RELEASE.jar;D:\mavenRepository\org\springframework\boot\spring-boot-starter-logging\2.3.5.RELEASE\spring-boot-starter-logging-2.3.5.RELEASE.jar;D:\mavenRepository\ch\qos\logback\logback-classic\1.2.3\logback-classic-1.2.3.jar;D:\mavenRepository\ch\qos\logback\logback-core\1.2.3\logback-core-1.2.3.jar;D:\mavenRepository\org\apache\logging\log4j\log4j-to-slf4j\2.13.3\log4j-to-slf4j-2.13.3.jar;D:\mavenRepository\org\apache\logging\log4j\log4j-api\2.13.3\log4j-api-2.13.3.jar;D:\mavenRepository\org\slf4j\jul-to-slf4j\1.7.30\jul-to-slf4j-1.7.30.jar;D:\mavenRepository\jakarta\annotation\jakarta.annotation-api\1.3.5\jakarta.annotation-api-1.3.5.jar;D:\mavenRepository\org\yaml\snakeyaml\1.26\snakeyaml-1.26.jar;D:\mavenRepository\org\thymeleaf\thymeleaf-spring5\3.0.11.RELEASE\thymeleaf-spring5-3.0.11.RELEASE.jar;D:\mavenRepository\org\thymeleaf\thymeleaf\3.0.11.RELEASE\thymeleaf-3.0.11.RELEASE.jar;D:\mavenRepository\org\attoparser\attoparser\2.0.5.RELEASE\attoparser-2.0.5.RELEASE.jar;D:\mavenRepository\org\unbescape\unbescape\1.1.6.RELEASE\unbescape-1.1.6.RELEASE.jar;D:\mavenRepository\org\thymeleaf\extras\thymeleaf-extras-java8time\3.0.4.RELEASE\thymeleaf-extras-java8time-3.0.4.RELEASE.jar;D:\mavenRepository\net\sourceforge\nekohtml\nekohtml\1.9.22\nekohtml-1.9.22.jar;D:\mavenRepository\xerces\xercesImpl\2.11.0\xercesImpl-2.11.0.jar;D:\mavenRepository\xml-apis\xml-apis\1.4.01\xml-apis-1.4.01.jar;D:\mavenRepository\org\tautua\markdownpapers\markdownpapers-core\1.4.4\markdownpapers-core-1.4.4.jar;D:\mavenRepository\com\baomidou\mybatis-plus-generator\3.4.0\mybatis-plus-generator-3.4.0.jar;D:\mavenRepository\com\baomidou\mybatis-plus-extension\3.4.0\mybatis-plus-extension-3.4.0.jar;D:\mavenRepository\com\baomidou\mybatis-plus-core\3.4.0\mybatis-plus-core-3.4.0.jar;D:\mavenRepository\com\baomidou\mybatis-plus-annotation\3.4.0\mybatis-plus-annotation-3.4.0.jar;D:\mavenRepository\com\github\jsqlparser\jsqlparser\3.2\jsqlparser-3.2.jar;D:\mavenRepository\org\mybatis\mybatis\3.5.5\mybatis-3.5.5.jar;D:\mavenRepository\org\mybatis\mybatis-spring\2.0.5\mybatis-spring-2.0.5.jar;D:\mavenRepository\org\apache\velocity\velocity-engine-core\2.2\velocity-engine-core-2.2.jar;D:\mavenRepository\org\apache\commons\commons-lang3\3.10\commons-lang3-3.10.jar;D:\mavenRepository\org\springframework\boot\spring-boot-starter-web\2.3.5.RELEASE\spring-boot-starter-web-2.3.5.RELEASE.jar;D:\mavenRepository\org\springframework\boot\spring-boot-starter-json\2.3.5.RELEASE\spring-boot-starter-json-2.3.5.RELEASE.jar;D:\mavenRepository\com\fasterxml\jackson\core\jackson-databind\2.11.3\jackson-databind-2.11.3.jar;D:\mavenRepository\com\fasterxml\jackson\core\jackson-core\2.11.3\jackson-core-2.11.3.jar;D:\mavenRepository\com\fasterxml\jackson\datatype\jackson-datatype-jdk8\2.11.3\jackson-datatype-jdk8-2.11.3.jar;D:\mavenRepository\com\fasterxml\jackson\datatype\jackson-datatype-jsr310\2.11.3\jackson-datatype-jsr310-2.11.3.jar;D:\mavenRepository\com\fasterxml\jackson\module\jackson-module-parameter-names\2.11.3\jackson-module-parameter-names-2.11.3.jar;D:\mavenRepository\org\springframework\boot\spring-boot-starter-tomcat\2.3.5.RELEASE\spring-boot-starter-tomcat-2.3.5.RELEASE.jar;D:\mavenRepository\org\apache\tomcat\embed\tomcat-embed-core\9.0.39\tomcat-embed-core-9.0.39.jar;D:\mavenRepository\org\glassfish\jakarta.el\3.0.3\jakarta.el-3.0.3.jar;D:\mavenRepository\org\apache\tomcat\embed\tomcat-embed-websocket\9.0.39\tomcat-embed-websocket-9.0.39.jar;D:\mavenRepository\org\springframework\spring-web\5.2.10.RELEASE\spring-web-5.2.10.RELEASE.jar;D:\mavenRepository\org\springframework\spring-webmvc\5.2.10.RELEASE\spring-webmvc-5.2.10.RELEASE.jar;D:\mavenRepository\org\springframework\spring-expression\5.2.10.RELEASE\spring-expression-5.2.10.RELEASE.jar;D:\mavenRepository\mysql\mysql-connector-java\8.0.22\mysql-connector-java-8.0.22.jar;D:\mavenRepository\org\projectlombok\lombok\1.18.16\lombok-1.18.16.jar;D:\mavenRepository\org\springframework\boot\spring-boot-starter-test\2.3.5.RELEASE\spring-boot-starter-test-2.3.5.RELEASE.jar;D:\mavenRepository\org\springframework\boot\spring-boot-test\2.3.5.RELEASE\spring-boot-test-2.3.5.RELEASE.jar;D:\mavenRepository\org\springframework\boot\spring-boot-test-autoconfigure\2.3.5.RELEASE\spring-boot-test-autoconfigure-2.3.5.RELEASE.jar;D:\mavenRepository\com\jayway\jsonpath\json-path\2.4.0\json-path-2.4.0.jar;D:\mavenRepository\net\minidev\json-smart\2.3\json-smart-2.3.jar;D:\mavenRepository\net\minidev\accessors-smart\1.2\accessors-smart-1.2.jar;D:\mavenRepository\org\ow2\asm\asm\5.0.4\asm-5.0.4.jar;D:\mavenRepository\jakarta\xml\bind\jakarta.xml.bind-api\2.3.3\jakarta.xml.bind-api-2.3.3.jar;D:\mavenRepository\jakarta\activation\jakarta.activation-api\1.2.2\jakarta.activation-api-1.2.2.jar;D:\mavenRepository\org\assertj\assertj-core\3.16.1\assertj-core-3.16.1.jar;D:\mavenRepository\org\hamcrest\hamcrest\2.2\hamcrest-2.2.jar;D:\mavenRepository\org\junit\jupiter\junit-jupiter\5.6.3\junit-jupiter-5.6.3.jar;D:\mavenRepository\org\junit\jupiter\junit-jupiter-api\5.6.3\junit-jupiter-api-5.6.3.jar;D:\mavenRepository\org\apiguardian\apiguardian-api\1.1.0\apiguardian-api-1.1.0.jar;D:\mavenRepository\org\opentest4j\opentest4j\1.2.0\opentest4j-1.2.0.jar;D:\mavenRepository\org\junit\platform\junit-platform-commons\1.6.3\junit-platform-commons-1.6.3.jar;D:\mavenRepository\org\junit\jupiter\junit-jupiter-params\5.6.3\junit-jupiter-params-5.6.3.jar;D:\mavenRepository\org\junit\jupiter\junit-jupiter-engine\5.6.3\junit-jupiter-engine-5.6.3.jar;D:\mavenRepository\org\junit\platform\junit-platform-engine\1.6.3\junit-platform-engine-1.6.3.jar;D:\mavenRepository\org\mockito\mockito-core\3.3.3\mockito-core-3.3.3.jar;D:\mavenRepository\net\bytebuddy\byte-buddy\1.10.17\byte-buddy-1.10.17.jar;D:\mavenRepository\net\bytebuddy\byte-buddy-agent\1.10.17\byte-buddy-agent-1.10.17.jar;D:\mavenRepository\org\objenesis\objenesis\2.6\objenesis-2.6.jar;D:\mavenRepository\org\mockito\mockito-junit-jupiter\3.3.3\mockito-junit-jupiter-3.3.3.jar;D:\mavenRepository\org\skyscreamer\jsonassert\1.5.0\jsonassert-1.5.0.jar;D:\mavenRepository\com\vaadin\external\google\android-json\0.0.20131108.vaadin1\android-json-0.0.20131108.vaadin1.jar;D:\mavenRepository\org\springframework\spring-core\5.2.10.RELEASE\spring-core-5.2.10.RELEASE.jar;D:\mavenRepository\org\springframework\spring-jcl\5.2.10.RELEASE\spring-jcl-5.2.10.RELEASE.jar;D:\mavenRepository\org\springframework\spring-test\5.2.10.RELEASE\spring-test-5.2.10.RELEASE.jar;D:\mavenRepository\org\xmlunit\xmlunit-core\2.7.0\xmlunit-core-2.7.0.jar;"/>
    <property name="java.vm.vendor" value="Oracle Corporation"/>
    <property name="sun.arch.data.model" value="64"/>
    <property name="user.variant" value=""/>
    <property name="java.vendor.url" value="http://java.oracle.com/"/>
    <property name="user.timezone" value="Asia/Shanghai"/>
    <property name="java.vm.specification.version" value="1.8"/>
    <property name="os.name" value="Windows 10"/>
    <property name="user.country" value="CN"/>
    <property name="sun.java.launcher" value="SUN_STANDARD"/>
    <property name="sun.boot.library.path" value="E:\Java\jdk-8u261\jre\bin"/>
    <property name="sun.java.command" value="C:\Users\JYan\AppData\Local\Temp\surefire6275018866332495815\surefirebooter852421330754256946.jar C:\Users\JYan\AppData\Local\Temp\surefire6275018866332495815 2020-11-04T15-53-33_122-jvmRun1 surefire8052842673471023833tmp surefire_04056256093077206427tmp"/>
    <property name="surefire.test.class.path" value="D:\IDEAwork\Jblog\target\test-classes;D:\IDEAwork\Jblog\target\classes;D:\mavenRepository\io\springfox\springfox-swagger2\3.0.0\springfox-swagger2-3.0.0.jar;D:\mavenRepository\io\springfox\springfox-spi\3.0.0\springfox-spi-3.0.0.jar;D:\mavenRepository\io\springfox\springfox-core\3.0.0\springfox-core-3.0.0.jar;D:\mavenRepository\io\springfox\springfox-schema\3.0.0\springfox-schema-3.0.0.jar;D:\mavenRepository\io\springfox\springfox-swagger-common\3.0.0\springfox-swagger-common-3.0.0.jar;D:\mavenRepository\io\swagger\core\v3\swagger-annotations\2.1.2\swagger-annotations-2.1.2.jar;D:\mavenRepository\io\springfox\springfox-spring-web\3.0.0\springfox-spring-web-3.0.0.jar;D:\mavenRepository\io\github\classgraph\classgraph\4.8.83\classgraph-4.8.83.jar;D:\mavenRepository\io\springfox\springfox-spring-webmvc\3.0.0\springfox-spring-webmvc-3.0.0.jar;D:\mavenRepository\io\springfox\springfox-spring-webflux\3.0.0\springfox-spring-webflux-3.0.0.jar;D:\mavenRepository\com\fasterxml\classmate\1.5.1\classmate-1.5.1.jar;D:\mavenRepository\org\slf4j\slf4j-api\1.7.30\slf4j-api-1.7.30.jar;D:\mavenRepository\org\springframework\plugin\spring-plugin-core\2.0.0.RELEASE\spring-plugin-core-2.0.0.RELEASE.jar;D:\mavenRepository\org\springframework\spring-beans\5.2.10.RELEASE\spring-beans-5.2.10.RELEASE.jar;D:\mavenRepository\org\springframework\spring-context\5.2.10.RELEASE\spring-context-5.2.10.RELEASE.jar;D:\mavenRepository\org\springframework\spring-aop\5.2.10.RELEASE\spring-aop-5.2.10.RELEASE.jar;D:\mavenRepository\org\springframework\plugin\spring-plugin-metadata\2.0.0.RELEASE\spring-plugin-metadata-2.0.0.RELEASE.jar;D:\mavenRepository\io\swagger\swagger-annotations\1.5.20\swagger-annotations-1.5.20.jar;D:\mavenRepository\io\swagger\swagger-models\1.5.20\swagger-models-1.5.20.jar;D:\mavenRepository\com\fasterxml\jackson\core\jackson-annotations\2.11.3\jackson-annotations-2.11.3.jar;D:\mavenRepository\org\mapstruct\mapstruct\1.3.1.Final\mapstruct-1.3.1.Final.jar;D:\mavenRepository\io\springfox\springfox-swagger-ui\3.0.0\springfox-swagger-ui-3.0.0.jar;D:\mavenRepository\io\springfox\springfox-boot-starter\3.0.0\springfox-boot-starter-3.0.0.jar;D:\mavenRepository\io\springfox\springfox-oas\3.0.0\springfox-oas-3.0.0.jar;D:\mavenRepository\io\swagger\core\v3\swagger-models\2.1.2\swagger-models-2.1.2.jar;D:\mavenRepository\io\springfox\springfox-data-rest\3.0.0\springfox-data-rest-3.0.0.jar;D:\mavenRepository\io\springfox\springfox-bean-validators\3.0.0\springfox-bean-validators-3.0.0.jar;D:\mavenRepository\com\baomidou\mybatis-plus-boot-starter\3.4.0\mybatis-plus-boot-starter-3.4.0.jar;D:\mavenRepository\com\baomidou\mybatis-plus\3.4.0\mybatis-plus-3.4.0.jar;D:\mavenRepository\org\springframework\boot\spring-boot-autoconfigure\2.3.5.RELEASE\spring-boot-autoconfigure-2.3.5.RELEASE.jar;D:\mavenRepository\org\springframework\boot\spring-boot\2.3.5.RELEASE\spring-boot-2.3.5.RELEASE.jar;D:\mavenRepository\org\springframework\boot\spring-boot-starter-jdbc\2.3.5.RELEASE\spring-boot-starter-jdbc-2.3.5.RELEASE.jar;D:\mavenRepository\com\zaxxer\HikariCP\3.4.5\HikariCP-3.4.5.jar;D:\mavenRepository\org\springframework\spring-jdbc\5.2.10.RELEASE\spring-jdbc-5.2.10.RELEASE.jar;D:\mavenRepository\org\springframework\spring-tx\5.2.10.RELEASE\spring-tx-5.2.10.RELEASE.jar;D:\mavenRepository\org\springframework\boot\spring-boot-starter-thymeleaf\2.3.5.RELEASE\spring-boot-starter-thymeleaf-2.3.5.RELEASE.jar;D:\mavenRepository\org\springframework\boot\spring-boot-starter\2.3.5.RELEASE\spring-boot-starter-2.3.5.RELEASE.jar;D:\mavenRepository\org\springframework\boot\spring-boot-starter-logging\2.3.5.RELEASE\spring-boot-starter-logging-2.3.5.RELEASE.jar;D:\mavenRepository\ch\qos\logback\logback-classic\1.2.3\logback-classic-1.2.3.jar;D:\mavenRepository\ch\qos\logback\logback-core\1.2.3\logback-core-1.2.3.jar;D:\mavenRepository\org\apache\logging\log4j\log4j-to-slf4j\2.13.3\log4j-to-slf4j-2.13.3.jar;D:\mavenRepository\org\apache\logging\log4j\log4j-api\2.13.3\log4j-api-2.13.3.jar;D:\mavenRepository\org\slf4j\jul-to-slf4j\1.7.30\jul-to-slf4j-1.7.30.jar;D:\mavenRepository\jakarta\annotation\jakarta.annotation-api\1.3.5\jakarta.annotation-api-1.3.5.jar;D:\mavenRepository\org\yaml\snakeyaml\1.26\snakeyaml-1.26.jar;D:\mavenRepository\org\thymeleaf\thymeleaf-spring5\3.0.11.RELEASE\thymeleaf-spring5-3.0.11.RELEASE.jar;D:\mavenRepository\org\thymeleaf\thymeleaf\3.0.11.RELEASE\thymeleaf-3.0.11.RELEASE.jar;D:\mavenRepository\org\attoparser\attoparser\2.0.5.RELEASE\attoparser-2.0.5.RELEASE.jar;D:\mavenRepository\org\unbescape\unbescape\1.1.6.RELEASE\unbescape-1.1.6.RELEASE.jar;D:\mavenRepository\org\thymeleaf\extras\thymeleaf-extras-java8time\3.0.4.RELEASE\thymeleaf-extras-java8time-3.0.4.RELEASE.jar;D:\mavenRepository\net\sourceforge\nekohtml\nekohtml\1.9.22\nekohtml-1.9.22.jar;D:\mavenRepository\xerces\xercesImpl\2.11.0\xercesImpl-2.11.0.jar;D:\mavenRepository\xml-apis\xml-apis\1.4.01\xml-apis-1.4.01.jar;D:\mavenRepository\org\tautua\markdownpapers\markdownpapers-core\1.4.4\markdownpapers-core-1.4.4.jar;D:\mavenRepository\com\baomidou\mybatis-plus-generator\3.4.0\mybatis-plus-generator-3.4.0.jar;D:\mavenRepository\com\baomidou\mybatis-plus-extension\3.4.0\mybatis-plus-extension-3.4.0.jar;D:\mavenRepository\com\baomidou\mybatis-plus-core\3.4.0\mybatis-plus-core-3.4.0.jar;D:\mavenRepository\com\baomidou\mybatis-plus-annotation\3.4.0\mybatis-plus-annotation-3.4.0.jar;D:\mavenRepository\com\github\jsqlparser\jsqlparser\3.2\jsqlparser-3.2.jar;D:\mavenRepository\org\mybatis\mybatis\3.5.5\mybatis-3.5.5.jar;D:\mavenRepository\org\mybatis\mybatis-spring\2.0.5\mybatis-spring-2.0.5.jar;D:\mavenRepository\org\apache\velocity\velocity-engine-core\2.2\velocity-engine-core-2.2.jar;D:\mavenRepository\org\apache\commons\commons-lang3\3.10\commons-lang3-3.10.jar;D:\mavenRepository\org\springframework\boot\spring-boot-starter-web\2.3.5.RELEASE\spring-boot-starter-web-2.3.5.RELEASE.jar;D:\mavenRepository\org\springframework\boot\spring-boot-starter-json\2.3.5.RELEASE\spring-boot-starter-json-2.3.5.RELEASE.jar;D:\mavenRepository\com\fasterxml\jackson\core\jackson-databind\2.11.3\jackson-databind-2.11.3.jar;D:\mavenRepository\com\fasterxml\jackson\core\jackson-core\2.11.3\jackson-core-2.11.3.jar;D:\mavenRepository\com\fasterxml\jackson\datatype\jackson-datatype-jdk8\2.11.3\jackson-datatype-jdk8-2.11.3.jar;D:\mavenRepository\com\fasterxml\jackson\datatype\jackson-datatype-jsr310\2.11.3\jackson-datatype-jsr310-2.11.3.jar;D:\mavenRepository\com\fasterxml\jackson\module\jackson-module-parameter-names\2.11.3\jackson-module-parameter-names-2.11.3.jar;D:\mavenRepository\org\springframework\boot\spring-boot-starter-tomcat\2.3.5.RELEASE\spring-boot-starter-tomcat-2.3.5.RELEASE.jar;D:\mavenRepository\org\apache\tomcat\embed\tomcat-embed-core\9.0.39\tomcat-embed-core-9.0.39.jar;D:\mavenRepository\org\glassfish\jakarta.el\3.0.3\jakarta.el-3.0.3.jar;D:\mavenRepository\org\apache\tomcat\embed\tomcat-embed-websocket\9.0.39\tomcat-embed-websocket-9.0.39.jar;D:\mavenRepository\org\springframework\spring-web\5.2.10.RELEASE\spring-web-5.2.10.RELEASE.jar;D:\mavenRepository\org\springframework\spring-webmvc\5.2.10.RELEASE\spring-webmvc-5.2.10.RELEASE.jar;D:\mavenRepository\org\springframework\spring-expression\5.2.10.RELEASE\spring-expression-5.2.10.RELEASE.jar;D:\mavenRepository\mysql\mysql-connector-java\8.0.22\mysql-connector-java-8.0.22.jar;D:\mavenRepository\org\projectlombok\lombok\1.18.16\lombok-1.18.16.jar;D:\mavenRepository\org\springframework\boot\spring-boot-starter-test\2.3.5.RELEASE\spring-boot-starter-test-2.3.5.RELEASE.jar;D:\mavenRepository\org\springframework\boot\spring-boot-test\2.3.5.RELEASE\spring-boot-test-2.3.5.RELEASE.jar;D:\mavenRepository\org\springframework\boot\spring-boot-test-autoconfigure\2.3.5.RELEASE\spring-boot-test-autoconfigure-2.3.5.RELEASE.jar;D:\mavenRepository\com\jayway\jsonpath\json-path\2.4.0\json-path-2.4.0.jar;D:\mavenRepository\net\minidev\json-smart\2.3\json-smart-2.3.jar;D:\mavenRepository\net\minidev\accessors-smart\1.2\accessors-smart-1.2.jar;D:\mavenRepository\org\ow2\asm\asm\5.0.4\asm-5.0.4.jar;D:\mavenRepository\jakarta\xml\bind\jakarta.xml.bind-api\2.3.3\jakarta.xml.bind-api-2.3.3.jar;D:\mavenRepository\jakarta\activation\jakarta.activation-api\1.2.2\jakarta.activation-api-1.2.2.jar;D:\mavenRepository\org\assertj\assertj-core\3.16.1\assertj-core-3.16.1.jar;D:\mavenRepository\org\hamcrest\hamcrest\2.2\hamcrest-2.2.jar;D:\mavenRepository\org\junit\jupiter\junit-jupiter\5.6.3\junit-jupiter-5.6.3.jar;D:\mavenRepository\org\junit\jupiter\junit-jupiter-api\5.6.3\junit-jupiter-api-5.6.3.jar;D:\mavenRepository\org\apiguardian\apiguardian-api\1.1.0\apiguardian-api-1.1.0.jar;D:\mavenRepository\org\opentest4j\opentest4j\1.2.0\opentest4j-1.2.0.jar;D:\mavenRepository\org\junit\platform\junit-platform-commons\1.6.3\junit-platform-commons-1.6.3.jar;D:\mavenRepository\org\junit\jupiter\junit-jupiter-params\5.6.3\junit-jupiter-params-5.6.3.jar;D:\mavenRepository\org\junit\jupiter\junit-jupiter-engine\5.6.3\junit-jupiter-engine-5.6.3.jar;D:\mavenRepository\org\junit\platform\junit-platform-engine\1.6.3\junit-platform-engine-1.6.3.jar;D:\mavenRepository\org\mockito\mockito-core\3.3.3\mockito-core-3.3.3.jar;D:\mavenRepository\net\bytebuddy\byte-buddy\1.10.17\byte-buddy-1.10.17.jar;D:\mavenRepository\net\bytebuddy\byte-buddy-agent\1.10.17\byte-buddy-agent-1.10.17.jar;D:\mavenRepository\org\objenesis\objenesis\2.6\objenesis-2.6.jar;D:\mavenRepository\org\mockito\mockito-junit-jupiter\3.3.3\mockito-junit-jupiter-3.3.3.jar;D:\mavenRepository\org\skyscreamer\jsonassert\1.5.0\jsonassert-1.5.0.jar;D:\mavenRepository\com\vaadin\external\google\android-json\0.0.20131108.vaadin1\android-json-0.0.20131108.vaadin1.jar;D:\mavenRepository\org\springframework\spring-core\5.2.10.RELEASE\spring-core-5.2.10.RELEASE.jar;D:\mavenRepository\org\springframework\spring-jcl\5.2.10.RELEASE\spring-jcl-5.2.10.RELEASE.jar;D:\mavenRepository\org\springframework\spring-test\5.2.10.RELEASE\spring-test-5.2.10.RELEASE.jar;D:\mavenRepository\org\xmlunit\xmlunit-core\2.7.0\xmlunit-core-2.7.0.jar;"/>
    <property name="sun.cpu.endian" value="little"/>
    <property name="user.home" value="C:\Users\JYan"/>
    <property name="user.language" value="zh"/>
    <property name="java.specification.vendor" value="Oracle Corporation"/>
    <property name="java.home" value="E:\Java\jdk-8u261\jre"/>
    <property name="basedir" value="D:\IDEAwork\Jblog"/>
    <property name="file.separator" value="\"/>
    <property name="line.separator" value="&#10;"/>
    <property name="java.vm.specification.vendor" value="Oracle Corporation"/>
    <property name="java.specification.name" value="Java Platform API Specification"/>
    <property name="java.awt.graphicsenv" value="sun.awt.Win32GraphicsEnvironment"/>
    <property name="surefire.real.class.path" value="C:\Users\JYan\AppData\Local\Temp\surefire6275018866332495815\surefirebooter852421330754256946.jar"/>
    <property name="sun.boot.class.path" value="E:\Java\jdk-8u261\jre\lib\resources.jar;E:\Java\jdk-8u261\jre\lib\rt.jar;E:\Java\jdk-8u261\jre\lib\sunrsasign.jar;E:\Java\jdk-8u261\jre\lib\jsse.jar;E:\Java\jdk-8u261\jre\lib\jce.jar;E:\Java\jdk-8u261\jre\lib\charsets.jar;E:\Java\jdk-8u261\jre\lib\jfr.jar;E:\Java\jdk-8u261\jre\classes"/>
    <property name="user.script" value=""/>
    <property name="sun.management.compiler" value="HotSpot 64-Bit Tiered Compilers"/>
    <property name="java.runtime.version" value="1.8.0_261-b12"/>
    <property name="user.name" value="JYan"/>
    <property name="path.separator" value=";"/>
    <property name="os.version" value="10.0"/>
    <property name="java.endorsed.dirs" value="E:\Java\jdk-8u261\jre\lib\endorsed"/>
    <property name="java.runtime.name" value="Java(TM) SE Runtime Environment"/>
    <property name="file.encoding" value="GBK"/>
    <property name="java.vm.name" value="Java HotSpot(TM) 64-Bit Server VM"/>
    <property name="localRepository" value="D:\mavenRepository"/>
    <property name="java.vendor.url.bug" value="http://bugreport.sun.com/bugreport/"/>
    <property name="java.io.tmpdir" value="C:\Users\JYan\AppData\Local\Temp\"/>
    <property name="java.version" value="1.8.0_261"/>
    <property name="user.dir" value="D:\IDEAwork\Jblog"/>
    <property name="os.arch" value="amd64"/>
    <property name="java.vm.specification.name" value="Java Virtual Machine Specification"/>
    <property name="java.awt.printerjob" value="sun.awt.windows.WPrinterJob"/>
    <property name="sun.os.patch.level" value=""/>
    <property name="idea.version2019.3.3" value="true"/>
    <property name="java.library.path" value="E:\Java\jdk-8u261\jre\bin;C:\Windows\Sun\Java\bin;C:\Windows\system32;C:\Windows;C:\Windows\system32;C:\Windows;C:\Windows\System32\Wbem;C:\Windows\System32\WindowsPowerShell\v1.0\;C:\Program Files (x86)\NVIDIA Corporation\PhysX\Common;C:\Program Files\Intel\WiFi\bin\;C:\Program Files\Common Files\Intel\WirelessCommon\;C:\Windows\system32;C:\Windows;C:\Windows\System32\Wbem;C:\Windows\System32\WindowsPowerShell\v1.0\;C:\Windows\System32\OpenSSH\;E:\Java\jdk-8u261\bin;E:\Java\jdk-8u261\jre\bin;E:\mysql-8.0.21-winx64\bin;E:\apache-maven-3.6.3\bin;E:\Git\cmd;E:\Erlang\erl-23.1\bin;E:\RabbitMQ\rabbitmq_server-3.8.9\sbin;E:\Redis\;C:\Users\JYan\AppData\Local\Microsoft\WindowsApps;;."/>
    <property name="java.vm.info" value="mixed mode"/>
    <property name="java.vendor" value="Oracle Corporation"/>
    <property name="java.vm.version" value="25.261-b12"/>
    <property name="java.ext.dirs" value="E:\Java\jdk-8u261\jre\lib\ext;C:\Windows\Sun\Java\lib\ext"/>
    <property name="sun.io.unicode.encoding" value="UnicodeLittle"/>
    <property name="maven.repo.local" value="D:\mavenRepository"/>
    <property name="java.class.version" value="52.0"/>
  </properties>
  <testcase name="getById" classname="com.jyan.JblogApplicationTests" time="1.006"/>
  <testcase name="getuser" classname="com.jyan.JblogApplicationTests" time="0.125"/>
  <testcase name="se" classname="com.jyan.JblogApplicationTests" time="0.014"/>
  <testcase name="sss" classname="com.jyan.JblogApplicationTests" time="0.019">
    <error message="Invalid bound statement (not found): com.jyan.mapper.ArticleMapper.selectAByCN" type="org.apache.ibatis.binding.BindingException">org.apache.ibatis.binding.BindingException: Invalid bound statement (not found): com.jyan.mapper.ArticleMapper.selectAByCN
	at com.jyan.JblogApplicationTests.sss(JblogApplicationTests.java:27)
</error>
  </testcase>
  <testcase name="list" classname="com.jyan.JblogApplicationTests" time="0.03"/>
  <testcase name="inser" classname="com.jyan.JblogApplicationTests" time="0.16">
    <error message="&#10;### Error updating database.  Cause: java.sql.SQLIntegrityConstraintViolationException: Duplicate entry &apos;2&apos; for key &apos;article.PRIMARY&apos;&#10;### The error may exist in com/jyan/mapper/ArticleMapper.java (best guess)&#10;### The error may involve com.jyan.mapper.ArticleMapper.insert-Inline&#10;### The error occurred while setting parameters&#10;### SQL: INSERT INTO article  ( id, title, content, category_id, summary, created_time )  VALUES  ( ?, ?, ?, ?, ?, ? )&#10;### Cause: java.sql.SQLIntegrityConstraintViolationException: Duplicate entry &apos;2&apos; for key &apos;article.PRIMARY&apos;&#10;; Duplicate entry &apos;2&apos; for key &apos;article.PRIMARY&apos;; nested exception is java.sql.SQLIntegrityConstraintViolationException: Duplicate entry &apos;2&apos; for key &apos;article.PRIMARY&apos;" type="org.springframework.dao.DuplicateKeyException">org.springframework.dao.DuplicateKeyException: 

### Error updating database.  Cause: java.sql.SQLIntegrityConstraintViolationException: Duplicate entry '2' for key 'article.PRIMARY'
### The error may exist in com/jyan/mapper/ArticleMapper.java (best guess)
### The error may involve com.jyan.mapper.ArticleMapper.insert-Inline
### The error occurred while setting parameters
### SQL: INSERT INTO article  ( id, title, content, category_id, summary, created_time )  VALUES  ( ?, ?, ?, ?, ?, ? )
### Cause: java.sql.SQLIntegrityConstraintViolationException: Duplicate entry '2' for key 'article.PRIMARY'
; Duplicate entry '2' for key 'article.PRIMARY'; nested exception is java.sql.SQLIntegrityConstraintViolationException: Duplicate entry '2' for key 'article.PRIMARY'
	at com.jyan.JblogApplicationTests.inser(JblogApplicationTests.java:74)
Caused by: java.sql.SQLIntegrityConstraintViolationException: Duplicate entry '2' for key 'article.PRIMARY'
	at com.jyan.JblogApplicationTests.inser(JblogApplicationTests.java:74)
</error>
  </testcase>
  <testcase name="contextLoads" classname="com.jyan.JblogApplicationTests" time="0.017"/>
</testsuite>